  SceneManager.cpp
C:\CS330Content\Projects\Final Project - Audrey Weaver\Source\SceneManager.cpp(438,27): warning C4305: '=': truncation from 'double' to 'float'
C:\CS330Content\Projects\Final Project - Audrey Weaver\Source\SceneManager.cpp(481,16): warning C4018: '<': signed/unsigned mismatch
C:\CS330Content\Projects\Final Project - Audrey Weaver\Source\SceneManager.cpp(622,29): warning C4305: 'argument': truncation from 'double' to 'float'
C:\CS330Content\Projects\Final Project - Audrey Weaver\Source\SceneManager.cpp(622,23): warning C4305: 'argument': truncation from 'double' to 'float'
C:\CS330Content\Projects\Final Project - Audrey Weaver\Source\SceneManager.cpp(622,17): warning C4305: 'argument': truncation from 'double' to 'float'
C:\CS330Content\Projects\Final Project - Audrey Weaver\Source\SceneManager.cpp(667,17): warning C4305: 'argument': truncation from 'double' to 'float'
C:\CS330Content\Projects\Final Project - Audrey Weaver\Source\SceneManager.cpp(689,17): warning C4305: 'argument': truncation from 'double' to 'float'
C:\CS330Content\Projects\Final Project - Audrey Weaver\Source\SceneManager.cpp(710,17): warning C4305: 'argument': truncation from 'double' to 'float'
C:\CS330Content\Projects\Final Project - Audrey Weaver\Source\SceneManager.cpp(843,25): warning C4305: 'argument': truncation from 'double' to 'float'
C:\CS330Content\Projects\Final Project - Audrey Weaver\Source\SceneManager.cpp(843,20): warning C4305: 'argument': truncation from 'double' to 'float'
C:\CS330Content\Projects\Final Project - Audrey Weaver\Source\SceneManager.cpp(885,27): warning C4305: 'argument': truncation from 'double' to 'float'
C:\CS330Content\Projects\Final Project - Audrey Weaver\Source\SceneManager.cpp(885,20): warning C4305: 'argument': truncation from 'double' to 'float'
C:\CS330Content\Projects\Final Project - Audrey Weaver\Source\SceneManager.cpp(903,26): warning C4305: 'argument': truncation from 'double' to 'float'
C:\CS330Content\Projects\Final Project - Audrey Weaver\Source\SceneManager.cpp(903,20): warning C4305: 'argument': truncation from 'double' to 'float'
C:\CS330Content\Projects\Final Project - Audrey Weaver\Source\SceneManager.cpp(1041,27): warning C4305: 'argument': truncation from 'double' to 'float'
C:\CS330Content\Projects\Final Project - Audrey Weaver\Source\SceneManager.cpp(1041,20): warning C4305: 'argument': truncation from 'double' to 'float'
C:\CS330Content\Projects\Final Project - Audrey Weaver\Source\SceneManager.cpp(1060,26): warning C4305: 'argument': truncation from 'double' to 'float'
C:\CS330Content\Projects\Final Project - Audrey Weaver\Source\SceneManager.cpp(1060,20): warning C4305: 'argument': truncation from 'double' to 'float'
C:\CS330Content\Projects\Final Project - Audrey Weaver\Source\SceneManager.cpp(1174,25): warning C4305: 'argument': truncation from 'double' to 'float'
C:\CS330Content\Projects\Final Project - Audrey Weaver\Source\SceneManager.cpp(1174,20): warning C4305: 'argument': truncation from 'double' to 'float'
C:\CS330Content\Projects\Final Project - Audrey Weaver\Source\SceneManager.cpp(1194,25): warning C4305: 'argument': truncation from 'double' to 'float'
C:\CS330Content\Projects\Final Project - Audrey Weaver\Source\SceneManager.cpp(1194,20): warning C4305: 'argument': truncation from 'double' to 'float'
C:\CS330Content\Projects\Final Project - Audrey Weaver\Source\SceneManager.cpp(1213,25): warning C4305: 'argument': truncation from 'double' to 'float'
C:\CS330Content\Projects\Final Project - Audrey Weaver\Source\SceneManager.cpp(1213,20): warning C4305: 'argument': truncation from 'double' to 'float'
C:\CS330Content\Projects\Final Project - Audrey Weaver\Source\SceneManager.cpp(1258,25): warning C4305: 'argument': truncation from 'double' to 'float'
C:\CS330Content\Projects\Final Project - Audrey Weaver\Source\SceneManager.cpp(1258,20): warning C4305: 'argument': truncation from 'double' to 'float'
C:\CS330Content\Projects\Final Project - Audrey Weaver\Source\SceneManager.cpp(1279,25): warning C4305: 'argument': truncation from 'double' to 'float'
C:\CS330Content\Projects\Final Project - Audrey Weaver\Source\SceneManager.cpp(1279,20): warning C4305: 'argument': truncation from 'double' to 'float'
C:\CS330Content\Projects\Final Project - Audrey Weaver\Source\SceneManager.cpp(1299,25): warning C4305: 'argument': truncation from 'double' to 'float'
C:\CS330Content\Projects\Final Project - Audrey Weaver\Source\SceneManager.cpp(1299,20): warning C4305: 'argument': truncation from 'double' to 'float'
LINK : fatal error LNK1168: cannot open C:\CS330Content\Projects\Final Project - Audrey Weaver\Debug\3-2_Assignment.exe for writing
